#
# A fatal error has been detected by the Java Runtime Environment:
#
#  SIGSEGV (0xb) at pc=0x00000001e28d15b9, pid=6820, tid=5379
#
# JRE version: Java(TM) SE Runtime Environment (8.0_25-b17) (build 1.8.0_25-b17)
# Java VM: Java HotSpot(TM) 64-Bit Server VM (25.25-b02 mixed mode bsd-amd64 compressed oops)
# Problematic frame:
# C  [libLeap.dylib+0x165b9]  Leap::Finger::toCString() const+0x13a9
#
# Failed to write core dump. Core dumps have been disabled. To enable core dumping, try "ulimit -c unlimited" before starting Java again
#
# If you would like to submit a bug report, please visit:
#   http://bugreport.sun.com/bugreport/crash.jsp
# The crash happened outside the Java Virtual Machine in native code.
# See problematic frame for where to report the bug.
#

---------------  T H R E A D  ---------------

Current thread (0x00007fafa2006800):  JavaThread "main" [_thread_in_native, id=5379, stack(0x000000010a530000,0x000000010a630000)]

siginfo: si_signo: 11 (SIGSEGV), si_code: 1 (SEGV_MAPERR), si_addr: 0x000000000000062c

Registers:
RAX=0x0000000000000002, RBX=0x000000010a62f218, RCX=0x0000000000000000, RDX=0x00007fafa1c190b0
RSP=0x000000010a62f100, RBP=0x000000010a62f540, RSI=0x0000010000000100, RDI=0x00007fafa1c15f10
R8 =0x000000010a62f060, R9 =0x00000000fc000000, R10=0x00007fafa1c18f98, R11=0x00007fafa1c18fb0
R12=0x0000000000000000, R13=0x00007fafa1c18080, R14=0x00000001e29bd8d0, R15=0x000000010a62f238
RIP=0x00000001e28d15b9, EFLAGS=0x0000000000010202, ERR=0x0000000000000004
  TRAPNO=0x000000000000000e

Top of Stack: (sp=0x000000010a62f100)
0x000000010a62f100:   0000000000000000 0000000000000000
0x000000010a62f110:   0000000000000000 0000000000000000
0x000000010a62f120:   0000000000000000 00007fafa1c18288
0x000000010a62f130:   0000000000000000 00000001e29b7110
0x000000010a62f140:   00007fafa1c18270 0000000000000005
0x000000010a62f150:   0000000108d0e000 0000000000000000
0x000000010a62f160:   0000000000000003 0000000108d11a00
0x000000010a62f170:   000000010a62f260 00007fff85ca2289
0x000000010a62f180:   0000000000000000 0000000000000000
0x000000010a62f190:   0000000108d11a00 0000000000000000
0x000000010a62f1a0:   0000000108d11a00 0000000000000000
0x000000010a62f1b0:   0000000000000003 0000000108d11a00
0x000000010a62f1c0:   000000010a62f2b0 0000000000000000
0x000000010a62f1d0:   00007fafa1c18f10 00007fafa1c15f10
0x000000010a62f1e0:   0000000000000000 0000000000000000
0x000000010a62f1f0:   00000001e29bda40 4348000000000000
0x000000010a62f200:   436b3f4100000000 4313c045436b3f41
0x000000010a62f210:   0000000000000001 436b3f41436b3f41
0x000000010a62f220:   00007fff4313c045 4348000000000000
0x000000010a62f230:   0000000100000000 00000001e29bd8d0
0x000000010a62f240:   0000042d000029c6 4244a275417a0ab0
0x000000010a62f250:   42b2d74cc1c4bcc0 c18d7edbc10e0172
0x000000010a62f260:   408997f1c1895cd3 bf38f4883f120ffa
0x000000010a62f270:   000000003ec7eef6 c1ab9f073eaaaaab
0x000000010a62f280:   c100823d42be4b95 00000000409eb9f5
0x000000010a62f290:   0000000100000000 00007fafa1c18080
0x000000010a62f2a0:   0000000000000000 0000000000000000
0x000000010a62f2b0:   0000000000000000 0000000000000dfc
0x000000010a62f2c0:   00007fafa1c16101 00007fafa1c17fc0
0x000000010a62f2d0:   000000010a62f320 00000001e2941e76
0x000000010a62f2e0:   000000010a62f300 0000001b85ca0395
0x000000010a62f2f0:   0000001b0000001b 00007fafa1c16130 

Instructions: (pc=0x00000001e28d15b9)
0x00000001e28d1599:   fc ff ff e8 5f 78 00 00 48 8b bd 98 fc ff ff 48
0x00000001e28d15a9:   85 ff 74 05 e8 38 13 0a 00 4c 8b a5 a0 fc ff ff
0x00000001e28d15b9:   41 83 bc 24 2c 06 00 00 00 0f 84 7f 02 00 00 45
0x00000001e28d15c9:   8b 75 68 49 8d bd 20 02 00 00 48 89 bd 08 fc ff 

Register to memory mapping:

RAX=0x0000000000000002 is an unknown value
RBX=0x000000010a62f218 is pointing into the stack for thread: 0x00007fafa2006800
RCX=0x0000000000000000 is an unknown value
RDX=0x00007fafa1c190b0 is an unknown value
RSP=0x000000010a62f100 is pointing into the stack for thread: 0x00007fafa2006800
RBP=0x000000010a62f540 is pointing into the stack for thread: 0x00007fafa2006800
RSI=0x0000010000000100 is an unknown value
RDI=0x00007fafa1c15f10 is an unknown value
R8 =0x000000010a62f060 is pointing into the stack for thread: 0x00007fafa2006800
R9 =0x00000000fc000000 is an unknown value
R10=0x00007fafa1c18f98 is an unknown value
R11=0x00007fafa1c18fb0 is an unknown value
R12=0x0000000000000000 is an unknown value
R13=0x00007fafa1c18080 is an unknown value
R14=0x00000001e29bd8d0: _ZTIN4Leap9Interface14ImplementationE+0x1420 in /Users/Jeet/Downloads/LeapDeveloperKit_2.2.5+26752_mac/LeapSDK/lib/libLeap.dylib at 0x00000001e28bb000
R15=0x000000010a62f238 is pointing into the stack for thread: 0x00007fafa2006800


Stack: [0x000000010a530000,0x000000010a630000],  sp=0x000000010a62f100,  free space=1020k
Native frames: (J=compiled Java code, j=interpreted, Vv=VM code, C=native code)
C  [libLeap.dylib+0x165b9]  Leap::Finger::toCString() const+0x13a9
C  [libLeap.dylib+0x15914]  Leap::Finger::toCString() const+0x704
C  [libLeap.dylib+0x1a6d7]  Leap::Frame::deserializeCString(char const*, unsigned long)+0x67
C  [libLeapJava.dylib+0xe82f]  Java_com_leapmotion_leap_LeapJNI_Frame_1deserialize+0x11f
j  com.leapmotion.leap.LeapJNI.Frame_deserialize(JLcom/leapmotion/leap/Frame;[BI)V+0
j  com.leapmotion.leap.Frame.deserialize([B)V+8
j  Sample.main([Ljava/lang/String;)V+15
v  ~StubRoutines::call_stub
V  [libjvm.dylib+0x2d4516]  JavaCalls::call_helper(JavaValue*, methodHandle*, JavaCallArguments*, Thread*)+0x6ae
V  [libjvm.dylib+0x30958b]  jni_invoke_static(JNIEnv_*, JavaValue*, _jobject*, JNICallType, _jmethodID*, JNI_ArgumentPusher*, Thread*)+0x1bf
V  [libjvm.dylib+0x302785]  jni_CallStaticVoidMethod+0x15d
C  [java+0x2c82]  JavaMain+0x998
C  [libsystem_pthread.dylib+0x3268]  _pthread_body+0x83
C  [libsystem_pthread.dylib+0x31e5]  _pthread_body+0x0
C  [libsystem_pthread.dylib+0x141d]  thread_start+0xd
C  0x0000000000000000

Java frames: (J=compiled Java code, j=interpreted, Vv=VM code)
j  com.leapmotion.leap.LeapJNI.Frame_deserialize(JLcom/leapmotion/leap/Frame;[BI)V+0
j  com.leapmotion.leap.Frame.deserialize([B)V+8
j  Sample.main([Ljava/lang/String;)V+15
v  ~StubRoutines::call_stub

---------------  P R O C E S S  ---------------

Java Threads: ( => current thread )
  0x00007fafa3003800 JavaThread "Service Thread" daemon [_thread_blocked, id=18179, stack(0x00000001e2624000,0x00000001e2724000)]
  0x00007fafa3833800 JavaThread "C1 CompilerThread2" daemon [_thread_blocked, id=17667, stack(0x00000001e2521000,0x00000001e2621000)]
  0x00007fafa2812000 JavaThread "C2 CompilerThread1" daemon [_thread_blocked, id=17155, stack(0x00000001e241e000,0x00000001e251e000)]
  0x00007fafa2819800 JavaThread "C2 CompilerThread0" daemon [_thread_blocked, id=16643, stack(0x00000001e231b000,0x00000001e241b000)]
  0x00007fafa3002800 JavaThread "Signal Dispatcher" daemon [_thread_blocked, id=16139, stack(0x00000001e2218000,0x00000001e2318000)]
  0x00007fafa204a800 JavaThread "Finalizer" daemon [_thread_blocked, id=12035, stack(0x00000001e0804000,0x00000001e0904000)]
  0x00007fafa381c000 JavaThread "Reference Handler" daemon [_thread_blocked, id=11523, stack(0x00000001e0701000,0x00000001e0801000)]
=>0x00007fafa2006800 JavaThread "main" [_thread_in_native, id=5379, stack(0x000000010a530000,0x000000010a630000)]

Other Threads:
  0x00007fafa3819800 VMThread [stack: 0x00000001e05fe000,0x00000001e06fe000] [id=11011]
  0x00007fafa3005800 WatcherThread [stack: 0x00000001e2727000,0x00000001e2827000] [id=18691]

VM state:not at safepoint (normal execution)

VM Mutex/Monitor currently owned by a thread: None

Heap:
 PSYoungGen      total 38400K, used 4002K [0x000000016f380000, 0x0000000171e00000, 0x0000000199e00000)
  eden space 33280K, 12% used [0x000000016f380000,0x000000016f768888,0x0000000171400000)
  from space 5120K, 0% used [0x0000000171900000,0x0000000171900000,0x0000000171e00000)
  to   space 5120K, 0% used [0x0000000171400000,0x0000000171400000,0x0000000171900000)
 ParOldGen       total 87552K, used 0K [0x0000000119e00000, 0x000000011f380000, 0x000000016f380000)
  object space 87552K, 0% used [0x0000000119e00000,0x0000000119e00000,0x000000011f380000)
 Metaspace       used 4693K, capacity 4764K, committed 4992K, reserved 1056768K
  class space    used 493K, capacity 524K, committed 640K, reserved 1048576K

Card table byte_map: [0x0000000199e00000,0x000000019a201000] byte_map_base: 0x0000000199531000

Marking Bits: (ParMarkBitMap*) 0x0000000109eb0390
 Begin Bits: [0x000000019a7b5000, 0x000000019c7b5000)
 End Bits:   [0x000000019c7b5000, 0x000000019e7b5000)

Polling page: 0x0000000108df6000

CodeCache: size=245760Kb used=1417Kb max_used=1431Kb free=244342Kb
 bounds [0x000000010a67d000, 0x000000010a8ed000, 0x000000011967d000]
 total_blobs=451 nmethods=152 adapters=214
 compilation: enabled

Compilation events (10 events):
Event: 0.242 Thread 0x00007fafa3833800 nmethod 147 0x000000010a7d8890 code [0x000000010a7d8ac0, 0x000000010a7d9828]
Event: 0.242 Thread 0x00007fafa3833800  149       3       java.util.AbstractList::<init> (10 bytes)
Event: 0.242 Thread 0x00007fafa3833800 nmethod 149 0x000000010a7d9e50 code [0x000000010a7d9fc0, 0x000000010a7da1d0]
Event: 0.242 Thread 0x00007fafa3833800  148       1       java.util.jar.Manifest::getEntries (5 bytes)
Event: 0.242 Thread 0x00007fafa3833800 nmethod 148 0x000000010a7da2d0 code [0x000000010a7da420, 0x000000010a7da530]
Event: 0.243 Thread 0x00007fafa3833800  150       3       java.nio.charset.CharsetEncoder::maxBytesPerChar (5 bytes)
Event: 0.243 Thread 0x00007fafa3833800 nmethod 150 0x000000010a7da590 code [0x000000010a7da6e0, 0x000000010a7da830]
Event: 0.243 Thread 0x00007fafa3833800  151       1       java.net.URL::getFile (5 bytes)
Event: 0.243 Thread 0x00007fafa3833800 nmethod 151 0x000000010a7da890 code [0x000000010a7da9e0, 0x000000010a7daaf0]
Event: 0.244 Thread 0x00007fafa2812000  152 %     4       sun.security.provider.SHA::implCompress @ 12 (491 bytes)

GC Heap History (0 events):
No events

Deoptimization events (0 events):
No events

Internal exceptions (10 events):
Event: 0.160 Thread 0x00007fafa2006800 Exception <a 'java/security/PrivilegedActionException'> (0x000000016f5a2988) thrown at [/HUDSON3/workspace/8-2-build-macosx-x86_64/jdk8u25/1514/hotspot/src/share/vm/prims/jvm.cpp, line 1312]
Event: 0.164 Thread 0x00007fafa2006800 Exception <a 'java/util/zip/ZipException'> (0x000000016f5b4328) thrown at [/HUDSON3/workspace/8-2-build-macosx-x86_64/jdk8u25/1514/hotspot/src/share/vm/prims/jni.cpp, line 716]
Event: 0.164 Thread 0x00007fafa2006800 Exception <a 'java/security/PrivilegedActionException'> (0x000000016f5b44d8) thrown at [/HUDSON3/workspace/8-2-build-macosx-x86_64/jdk8u25/1514/hotspot/src/share/vm/prims/jvm.cpp, line 1312]
Event: 0.164 Thread 0x00007fafa2006800 Exception <a 'java/security/PrivilegedActionException'> (0x000000016f5b4690) thrown at [/HUDSON3/workspace/8-2-build-macosx-x86_64/jdk8u25/1514/hotspot/src/share/vm/prims/jvm.cpp, line 1312]
Event: 0.164 Thread 0x00007fafa2006800 Exception <a 'java/security/PrivilegedActionException'> (0x000000016f5b4a00) thrown at [/HUDSON3/workspace/8-2-build-macosx-x86_64/jdk8u25/1514/hotspot/src/share/vm/prims/jvm.cpp, line 1312]
Event: 0.171 Thread 0x00007fafa2006800 Exception <a 'java/security/PrivilegedActionException'> (0x000000016f5bdaa8) thrown at [/HUDSON3/workspace/8-2-build-macosx-x86_64/jdk8u25/1514/hotspot/src/share/vm/prims/jvm.cpp, line 1312]
Event: 0.240 Thread 0x00007fafa2006800 Exception <a 'java/security/PrivilegedActionException'> (0x000000016f6b0b30) thrown at [/HUDSON3/workspace/8-2-build-macosx-x86_64/jdk8u25/1514/hotspot/src/share/vm/prims/jvm.cpp, line 1312]
Event: 0.241 Thread 0x00007fafa2006800 Exception <a 'java/security/PrivilegedActionException'> (0x000000016f6b42e0) thrown at [/HUDSON3/workspace/8-2-build-macosx-x86_64/jdk8u25/1514/hotspot/src/share/vm/prims/jvm.cpp, line 1312]
Event: 0.242 Thread 0x00007fafa2006800 Exception <a 'java/security/PrivilegedActionException'> (0x000000016f6bc258) thrown at [/HUDSON3/workspace/8-2-build-macosx-x86_64/jdk8u25/1514/hotspot/src/share/vm/prims/jvm.cpp, line 1312]
Event: 0.243 Thread 0x00007fafa2006800 Exception <a 'java/security/PrivilegedActionException'> (0x000000016f6c0fd8) thrown at [/HUDSON3/workspace/8-2-build-macosx-x86_64/jdk8u25/1514/hotspot/src/share/vm/prims/jvm.cpp, line 1312]

Events (10 events):
Event: 0.262 loading class java/nio/channels/SelectableChannel
Event: 0.262 loading class java/nio/channels/SelectableChannel done
Event: 0.262 loading class sun/nio/ch/Util
Event: 0.262 loading class sun/nio/ch/Util done
Event: 0.262 loading class sun/nio/ch/Util$1
Event: 0.262 loading class sun/nio/ch/Util$1 done
Event: 0.262 loading class sun/nio/ch/Util$BufferCache
Event: 0.262 loading class sun/nio/ch/Util$BufferCache done
Event: 0.263 loading class java/nio/DirectByteBuffer$Deallocator
Event: 0.263 loading class java/nio/DirectByteBuffer$Deallocator done


Dynamic libraries:
0x0000000003b4b000 	/System/Library/Frameworks/Cocoa.framework/Versions/A/Cocoa
0x0000000003b4b000 	/System/Library/Frameworks/Security.framework/Versions/A/Security
0x0000000003b4b000 	/System/Library/Frameworks/ApplicationServices.framework/Versions/A/ApplicationServices
0x0000000003b4b000 	/usr/lib/libz.1.dylib
0x0000000003b4b000 	/usr/lib/libSystem.B.dylib
0x0000000003b4b000 	/usr/lib/libobjc.A.dylib
0x0000000003b4b000 	/System/Library/Frameworks/CoreFoundation.framework/Versions/A/CoreFoundation
0x0000000003b4b000 	/System/Library/Frameworks/Foundation.framework/Versions/C/Foundation
0x0000000003b4b000 	/System/Library/Frameworks/AppKit.framework/Versions/C/AppKit
0x0000000003b4b000 	/System/Library/Frameworks/CoreData.framework/Versions/A/CoreData
0x0000000003b4b000 	/System/Library/PrivateFrameworks/RemoteViewServices.framework/Versions/A/RemoteViewServices
0x0000000003b4b000 	/System/Library/PrivateFrameworks/UIFoundation.framework/Versions/A/UIFoundation
0x0000000003b4b000 	/System/Library/Frameworks/IOSurface.framework/Versions/A/IOSurface
0x0000000003b4b000 	/System/Library/Frameworks/AudioToolbox.framework/Versions/A/AudioToolbox
0x0000000003b4b000 	/System/Library/Frameworks/AudioUnit.framework/Versions/A/AudioUnit
0x0000000003b4b000 	/System/Library/PrivateFrameworks/DataDetectorsCore.framework/Versions/A/DataDetectorsCore
0x0000000003b4b000 	/System/Library/PrivateFrameworks/DesktopServicesPriv.framework/Versions/A/DesktopServicesPriv
0x0000000003b4b000 	/System/Library/Frameworks/Carbon.framework/Versions/A/Frameworks/HIToolbox.framework/Versions/A/HIToolbox
0x0000000003b4b000 	/System/Library/Frameworks/QuartzCore.framework/Versions/A/QuartzCore
0x0000000003b4b000 	/System/Library/Frameworks/Carbon.framework/Versions/A/Frameworks/SpeechRecognition.framework/Versions/A/SpeechRecognition
0x0000000003b4b000 	/usr/lib/libauto.dylib
0x0000000003b4b000 	/usr/lib/libicucore.A.dylib
0x0000000003b4b000 	/usr/lib/libxml2.2.dylib
0x0000000003b4b000 	/System/Library/PrivateFrameworks/CoreUI.framework/Versions/A/CoreUI
0x0000000003b4b000 	/System/Library/Frameworks/CoreAudio.framework/Versions/A/CoreAudio
0x0000000003b4b000 	/System/Library/Frameworks/DiskArbitration.framework/Versions/A/DiskArbitration
0x0000000003b4b000 	/usr/lib/liblangid.dylib
0x0000000003b4b000 	/System/Library/PrivateFrameworks/MultitouchSupport.framework/Versions/A/MultitouchSupport
0x0000000003b4b000 	/System/Library/Frameworks/IOKit.framework/Versions/A/IOKit
0x0000000003b4b000 	/usr/lib/libDiagnosticMessagesClient.dylib
0x0000000003b4b000 	/System/Library/Frameworks/CoreServices.framework/Versions/A/CoreServices
0x0000000003b4b000 	/System/Library/PrivateFrameworks/PerformanceAnalysis.framework/Versions/A/PerformanceAnalysis
0x0000000003b4b000 	/System/Library/PrivateFrameworks/GenerationalStorage.framework/Versions/A/GenerationalStorage
0x0000000003b4b000 	/System/Library/Frameworks/OpenGL.framework/Versions/A/OpenGL
0x0000000003b4b000 	/System/Library/PrivateFrameworks/Sharing.framework/Versions/A/Sharing
0x0000000003b4b000 	/System/Library/Frameworks/CoreGraphics.framework/Versions/A/CoreGraphics
0x0000000003b4b000 	/System/Library/Frameworks/CoreText.framework/Versions/A/CoreText
0x0000000003b4b000 	/System/Library/Frameworks/ImageIO.framework/Versions/A/ImageIO
0x0000000003b4b000 	/usr/lib/libextension.dylib
0x0000000003b4b000 	/System/Library/PrivateFrameworks/Backup.framework/Versions/A/Backup
0x0000000003b4b000 	/usr/lib/libarchive.2.dylib
0x0000000003b4b000 	/System/Library/Frameworks/CFNetwork.framework/Versions/A/CFNetwork
0x0000000003b4b000 	/System/Library/Frameworks/SystemConfiguration.framework/Versions/A/SystemConfiguration
0x0000000003b4b000 	/usr/lib/libCRFSuite.dylib
0x0000000003b4b000 	/usr/lib/libc++.1.dylib
0x0000000003b4b000 	/usr/lib/libc++abi.dylib
0x0000000003b4b000 	/usr/lib/system/libcache.dylib
0x0000000003b4b000 	/usr/lib/system/libcommonCrypto.dylib
0x0000000003b4b000 	/usr/lib/system/libcompiler_rt.dylib
0x0000000003b4b000 	/usr/lib/system/libcopyfile.dylib
0x0000000003b4b000 	/usr/lib/system/libcorecrypto.dylib
0x0000000003b4b000 	/usr/lib/system/libdispatch.dylib
0x0000000003b4b000 	/usr/lib/system/libdyld.dylib
0x0000000003b4b000 	/usr/lib/system/libkeymgr.dylib
0x0000000003b4b000 	/usr/lib/system/liblaunch.dylib
0x0000000003b4b000 	/usr/lib/system/libmacho.dylib
0x0000000003b4b000 	/usr/lib/system/libquarantine.dylib
0x0000000003b4b000 	/usr/lib/system/libremovefile.dylib
0x0000000003b4b000 	/usr/lib/system/libsystem_asl.dylib
0x0000000003b4b000 	/usr/lib/system/libsystem_blocks.dylib
0x0000000003b4b000 	/usr/lib/system/libsystem_c.dylib
0x0000000003b4b000 	/usr/lib/system/libsystem_configuration.dylib
0x0000000003b4b000 	/usr/lib/system/libsystem_coreservices.dylib
0x0000000003b4b000 	/usr/lib/system/libsystem_coretls.dylib
0x0000000003b4b000 	/usr/lib/system/libsystem_dnssd.dylib
0x0000000003b4b000 	/usr/lib/system/libsystem_info.dylib
0x0000000003b4b000 	/usr/lib/system/libsystem_kernel.dylib
0x0000000003b4b000 	/usr/lib/system/libsystem_m.dylib
0x0000000003b4b000 	/usr/lib/system/libsystem_malloc.dylib
0x0000000003b4b000 	/usr/lib/system/libsystem_network.dylib
0x0000000003b4b000 	/usr/lib/system/libsystem_networkextension.dylib
0x0000000003b4b000 	/usr/lib/system/libsystem_notify.dylib
0x0000000003b4b000 	/usr/lib/system/libsystem_platform.dylib
0x0000000003b4b000 	/usr/lib/system/libsystem_pthread.dylib
0x0000000003b4b000 	/usr/lib/system/libsystem_sandbox.dylib
0x0000000003b4b000 	/usr/lib/system/libsystem_secinit.dylib
0x0000000003b4b000 	/usr/lib/system/libsystem_stats.dylib
0x0000000003b4b000 	/usr/lib/system/libsystem_trace.dylib
0x0000000003b4b000 	/usr/lib/system/libunc.dylib
0x0000000003b4b000 	/usr/lib/system/libunwind.dylib
0x0000000003b4b000 	/usr/lib/system/libxpc.dylib
0x0000000003b4b000 	/usr/lib/libbz2.1.0.dylib
0x0000000003b4b000 	/usr/lib/liblzma.5.dylib
0x0000000003b4b000 	/usr/lib/libbsm.0.dylib
0x0000000003b4b000 	/usr/lib/libsqlite3.dylib
0x0000000003b4b000 	/usr/lib/system/libkxld.dylib
0x0000000003b4b000 	/usr/lib/libxar.1.dylib
0x0000000003b4b000 	/usr/lib/libpam.2.dylib
0x0000000003b4b000 	/usr/lib/libOpenScriptingUtil.dylib
0x0000000003b4b000 	/System/Library/Frameworks/CoreServices.framework/Versions/A/Frameworks/FSEvents.framework/Versions/A/FSEvents
0x0000000003b4b000 	/System/Library/Frameworks/CoreServices.framework/Versions/A/Frameworks/CarbonCore.framework/Versions/A/CarbonCore
0x0000000003b4b000 	/System/Library/Frameworks/CoreServices.framework/Versions/A/Frameworks/Metadata.framework/Versions/A/Metadata
0x0000000003b4b000 	/System/Library/Frameworks/CoreServices.framework/Versions/A/Frameworks/OSServices.framework/Versions/A/OSServices
0x0000000003b4b000 	/System/Library/Frameworks/CoreServices.framework/Versions/A/Frameworks/SearchKit.framework/Versions/A/SearchKit
0x0000000003b4b000 	/System/Library/Frameworks/CoreServices.framework/Versions/A/Frameworks/AE.framework/Versions/A/AE
0x0000000003b4b000 	/System/Library/Frameworks/CoreServices.framework/Versions/A/Frameworks/LaunchServices.framework/Versions/A/LaunchServices
0x0000000003b4b000 	/System/Library/Frameworks/CoreServices.framework/Versions/A/Frameworks/DictionaryServices.framework/Versions/A/DictionaryServices
0x0000000003b4b000 	/System/Library/Frameworks/NetFS.framework/Versions/A/NetFS
0x0000000003b4b000 	/System/Library/PrivateFrameworks/NetAuth.framework/Versions/A/NetAuth
0x0000000003b4b000 	/System/Library/PrivateFrameworks/login.framework/Versions/A/Frameworks/loginsupport.framework/Versions/A/loginsupport
0x0000000003b4b000 	/System/Library/PrivateFrameworks/TCC.framework/Versions/A/TCC
0x0000000003b4b000 	/usr/lib/libmecabra.dylib
0x0000000003b4b000 	/System/Library/Frameworks/ApplicationServices.framework/Versions/A/Frameworks/ATS.framework/Versions/A/ATS
0x0000000003b4b000 	/System/Library/Frameworks/ApplicationServices.framework/Versions/A/Frameworks/ColorSync.framework/Versions/A/ColorSync
0x0000000003b4b000 	/System/Library/Frameworks/ApplicationServices.framework/Versions/A/Frameworks/HIServices.framework/Versions/A/HIServices
0x0000000003b4b000 	/System/Library/Frameworks/ApplicationServices.framework/Versions/A/Frameworks/LangAnalysis.framework/Versions/A/LangAnalysis
0x0000000003b4b000 	/System/Library/Frameworks/ApplicationServices.framework/Versions/A/Frameworks/PrintCore.framework/Versions/A/PrintCore
0x0000000003b4b000 	/System/Library/Frameworks/ApplicationServices.framework/Versions/A/Frameworks/QD.framework/Versions/A/QD
0x0000000003b4b000 	/System/Library/Frameworks/ApplicationServices.framework/Versions/A/Frameworks/SpeechSynthesis.framework/Versions/A/SpeechSynthesis
0x0000000003b4b000 	/System/Library/Frameworks/Accelerate.framework/Versions/A/Accelerate
0x0000000003b4b000 	/System/Library/Frameworks/Accelerate.framework/Versions/A/Frameworks/vImage.framework/Versions/A/vImage
0x0000000003b4b000 	/System/Library/Frameworks/Accelerate.framework/Versions/A/Frameworks/vecLib.framework/Versions/A/vecLib
0x0000000003b4b000 	/System/Library/Frameworks/Accelerate.framework/Versions/A/Frameworks/vecLib.framework/Versions/A/libvDSP.dylib
0x0000000003b4b000 	/System/Library/Frameworks/Accelerate.framework/Versions/A/Frameworks/vecLib.framework/Versions/A/libvMisc.dylib
0x0000000003b4b000 	/System/Library/Frameworks/Accelerate.framework/Versions/A/Frameworks/vecLib.framework/Versions/A/libLAPACK.dylib
0x0000000003b4b000 	/System/Library/Frameworks/Accelerate.framework/Versions/A/Frameworks/vecLib.framework/Versions/A/libBLAS.dylib
0x0000000003b4b000 	/System/Library/Frameworks/Accelerate.framework/Versions/A/Frameworks/vecLib.framework/Versions/A/libLinearAlgebra.dylib
0x0000000003b4b000 	/System/Library/Frameworks/ApplicationServices.framework/Versions/A/Frameworks/ATS.framework/Versions/A/Resources/libFontParser.dylib
0x0000000003b4b000 	/System/Library/Frameworks/ApplicationServices.framework/Versions/A/Frameworks/ATS.framework/Versions/A/Resources/libFontRegistry.dylib
0x0000000003b4b000 	/System/Library/PrivateFrameworks/AppleVPA.framework/Versions/A/AppleVPA
0x0000000003b4b000 	/System/Library/PrivateFrameworks/AppleJPEG.framework/Versions/A/AppleJPEG
0x0000000003b4b000 	/System/Library/Frameworks/ImageIO.framework/Versions/A/Resources/libJPEG.dylib
0x0000000003b4b000 	/System/Library/Frameworks/ImageIO.framework/Versions/A/Resources/libTIFF.dylib
0x0000000003b4b000 	/System/Library/Frameworks/ImageIO.framework/Versions/A/Resources/libPng.dylib
0x0000000003b4b000 	/System/Library/Frameworks/ImageIO.framework/Versions/A/Resources/libGIF.dylib
0x0000000003b4b000 	/System/Library/Frameworks/ImageIO.framework/Versions/A/Resources/libJP2.dylib
0x0000000003b4b000 	/System/Library/Frameworks/ImageIO.framework/Versions/A/Resources/libRadiance.dylib
0x0000000003b4b000 	/System/Library/Frameworks/CoreVideo.framework/Versions/A/CoreVideo
0x0000000003b4b000 	/System/Library/Frameworks/OpenGL.framework/Versions/A/Libraries/libGLU.dylib
0x0000000003b4b000 	/System/Library/Frameworks/OpenGL.framework/Versions/A/Libraries/libGFXShared.dylib
0x0000000003b4b000 	/System/Library/Frameworks/OpenGL.framework/Versions/A/Libraries/libGL.dylib
0x0000000003b4b000 	/System/Library/Frameworks/OpenGL.framework/Versions/A/Libraries/libGLImage.dylib
0x0000000003b4b000 	/System/Library/Frameworks/OpenGL.framework/Versions/A/Libraries/libCVMSPluginSupport.dylib
0x0000000003b4b000 	/System/Library/Frameworks/OpenGL.framework/Versions/A/Libraries/libCoreVMClient.dylib
0x0000000003b4b000 	/usr/lib/libcups.2.dylib
0x0000000003b4b000 	/System/Library/Frameworks/Kerberos.framework/Versions/A/Kerberos
0x0000000003b4b000 	/System/Library/Frameworks/GSS.framework/Versions/A/GSS
0x0000000003b4b000 	/usr/lib/libresolv.9.dylib
0x0000000003b4b000 	/usr/lib/libiconv.2.dylib
0x0000000003b4b000 	/System/Library/PrivateFrameworks/Heimdal.framework/Versions/A/Heimdal
0x0000000003b4b000 	/usr/lib/libheimdal-asn1.dylib
0x0000000003b4b000 	/System/Library/Frameworks/OpenDirectory.framework/Versions/A/OpenDirectory
0x0000000003b4b000 	/System/Library/PrivateFrameworks/CommonAuth.framework/Versions/A/CommonAuth
0x0000000003b4b000 	/System/Library/Frameworks/OpenDirectory.framework/Versions/A/Frameworks/CFOpenDirectory.framework/Versions/A/CFOpenDirectory
0x0000000003b4b000 	/System/Library/Frameworks/SecurityFoundation.framework/Versions/A/SecurityFoundation
0x0000000003b4b000 	/System/Library/PrivateFrameworks/LanguageModeling.framework/Versions/A/LanguageModeling
0x0000000003b4b000 	/usr/lib/libcmph.dylib
0x0000000003b4b000 	/System/Library/Frameworks/ServiceManagement.framework/Versions/A/ServiceManagement
0x0000000003b4b000 	/usr/lib/libxslt.1.dylib
0x0000000003b4b000 	/System/Library/Frameworks/Carbon.framework/Versions/A/Frameworks/Ink.framework/Versions/A/Ink
0x0000000003b4b000 	/System/Library/Frameworks/QuartzCore.framework/Versions/A/Frameworks/CoreImage.framework/Versions/A/CoreImage
0x0000000003b4b000 	/System/Library/PrivateFrameworks/CrashReporterSupport.framework/Versions/A/CrashReporterSupport
0x0000000003b4b000 	/System/Library/Frameworks/OpenCL.framework/Versions/A/OpenCL
0x0000000003b4b000 	/System/Library/PrivateFrameworks/FaceCore.framework/Versions/A/FaceCore
0x0000000003b4b000 	/System/Library/PrivateFrameworks/Ubiquity.framework/Versions/A/Ubiquity
0x0000000003b4b000 	/System/Library/PrivateFrameworks/IconServices.framework/Versions/A/IconServices
0x0000000003b4b000 	/System/Library/PrivateFrameworks/ChunkingLibrary.framework/Versions/A/ChunkingLibrary
0x0000000003b4b000 	/System/Library/PrivateFrameworks/Apple80211.framework/Versions/A/Apple80211
0x0000000003b4b000 	/System/Library/Frameworks/CoreWLAN.framework/Versions/A/CoreWLAN
0x0000000003b4b000 	/System/Library/Frameworks/IOBluetooth.framework/Versions/A/IOBluetooth
0x0000000003b4b000 	/System/Library/PrivateFrameworks/CoreWiFi.framework/Versions/A/CoreWiFi
0x0000000003b4b000 	/System/Library/Frameworks/CoreBluetooth.framework/Versions/A/CoreBluetooth
0x0000000003b4b000 	/System/Library/PrivateFrameworks/DebugSymbols.framework/Versions/A/DebugSymbols
0x0000000003b4b000 	/System/Library/PrivateFrameworks/CoreSymbolication.framework/Versions/A/CoreSymbolication
0x0000000003b4b000 	/System/Library/PrivateFrameworks/Symbolication.framework/Versions/A/Symbolication
0x0000000003b4b000 	/System/Library/PrivateFrameworks/SpeechRecognitionCore.framework/Versions/A/SpeechRecognitionCore
0x0000000109613000 	/Library/Java/JavaVirtualMachines/jdk1.8.0_25.jdk/Contents/Home/jre/lib/server/libjvm.dylib
0x0000000003b4b000 	/usr/lib/libstdc++.6.dylib
0x000000010a632000 	/Library/Java/JavaVirtualMachines/jdk1.8.0_25.jdk/Contents/Home/jre/lib/libverify.dylib
0x000000010a640000 	/Library/Java/JavaVirtualMachines/jdk1.8.0_25.jdk/Contents/Home/jre/lib/libjava.dylib
0x000000010a674000 	/Library/Java/JavaVirtualMachines/jdk1.8.0_25.jdk/Contents/Home/jre/lib/libzip.dylib
0x00000001e0906000 	/System/Library/Frameworks/JavaVM.framework/Frameworks/JavaRuntimeSupport.framework/JavaRuntimeSupport
0x00000001e091e000 	/System/Library/Frameworks/JavaVM.framework/Versions/A/Frameworks/JavaNativeFoundation.framework/Versions/A/JavaNativeFoundation
0x0000000119bec000 	/System/Library/Frameworks/JavaVM.framework/Versions/A/JavaVM
0x0000000003b4b000 	/System/Library/Frameworks/Carbon.framework/Versions/A/Carbon
0x00000001e0933000 	/System/Library/PrivateFrameworks/JavaLaunching.framework/Versions/A/JavaLaunching
0x0000000003b4b000 	/System/Library/Frameworks/Carbon.framework/Versions/A/Frameworks/CommonPanels.framework/Versions/A/CommonPanels
0x0000000003b4b000 	/System/Library/Frameworks/Carbon.framework/Versions/A/Frameworks/Help.framework/Versions/A/Help
0x0000000003b4b000 	/System/Library/Frameworks/Carbon.framework/Versions/A/Frameworks/ImageCapture.framework/Versions/A/ImageCapture
0x0000000003b4b000 	/System/Library/Frameworks/Carbon.framework/Versions/A/Frameworks/OpenScripting.framework/Versions/A/OpenScripting
0x0000000003b4b000 	/System/Library/Frameworks/Carbon.framework/Versions/A/Frameworks/Print.framework/Versions/A/Print
0x0000000003b4b000 	/System/Library/Frameworks/Carbon.framework/Versions/A/Frameworks/SecurityHI.framework/Versions/A/SecurityHI
0x00000001e286b000 	/Users/Jeet/Downloads/LeapDeveloperKit_2.2.5+26752_mac/LeapSDK/lib/libLeapJava.dylib
0x00000001e28bb000 	/Users/Jeet/Downloads/LeapDeveloperKit_2.2.5+26752_mac/LeapSDK/lib/libLeap.dylib
0x00000001e2a06000 	/Library/Java/JavaVirtualMachines/jdk1.8.0_25.jdk/Contents/Home/jre/lib/libnio.dylib
0x00000001e2a16000 	/Library/Java/JavaVirtualMachines/jdk1.8.0_25.jdk/Contents/Home/jre/lib/./libnet.dylib

VM Arguments:
jvm_args: -Djava.library.path=/Users/Jeet/Downloads/LeapDeveloperKit_2.2.5+26752_mac/LeapSDK/lib -Dfile.encoding=UTF-8 
java_command: Sample
java_class_path (initial): /Users/Jeet/Desktop/Rutgers/Classes/Y1S2/Data Structures/Eclipse/SignReader/bin:/Users/Jeet/Downloads/LeapDeveloperKit_2.2.5+26752_mac/LeapSDK/lib/LeapJava.jar
Launcher Type: SUN_STANDARD

Environment Variables:
PATH=/usr/bin:/bin:/usr/sbin:/sbin
SHELL=/bin/bash

Signal Handlers:
SIGSEGV: [libjvm.dylib+0x579dc7], sa_mask[0]=11111111011111110111111111111111, sa_flags=SA_ONSTACK|SA_RESTART|SA_SIGINFO
SIGBUS: [libjvm.dylib+0x579dc7], sa_mask[0]=11111111011111110111111111111111, sa_flags=SA_RESTART|SA_SIGINFO
SIGFPE: [libjvm.dylib+0x45b030], sa_mask[0]=11111111011111110111111111111111, sa_flags=SA_RESTART|SA_SIGINFO
SIGPIPE: [libjvm.dylib+0x45b030], sa_mask[0]=11111111011111110111111111111111, sa_flags=SA_RESTART|SA_SIGINFO
SIGXFSZ: [libjvm.dylib+0x45b030], sa_mask[0]=11111111011111110111111111111111, sa_flags=SA_RESTART|SA_SIGINFO
SIGILL: [libjvm.dylib+0x45b030], sa_mask[0]=11111111011111110111111111111111, sa_flags=SA_RESTART|SA_SIGINFO
SIGUSR1: SIG_DFL, sa_mask[0]=00000000000000000000000000000000, sa_flags=none
SIGUSR2: [libjvm.dylib+0x45ab4e], sa_mask[0]=00100000000000000000000000000000, sa_flags=SA_RESTART|SA_SIGINFO
SIGHUP: [libjvm.dylib+0x459121], sa_mask[0]=11111111011111110111111111111111, sa_flags=SA_RESTART|SA_SIGINFO
SIGINT: [libjvm.dylib+0x459121], sa_mask[0]=11111111011111110111111111111111, sa_flags=SA_RESTART|SA_SIGINFO
SIGTERM: [libjvm.dylib+0x459121], sa_mask[0]=11111111011111110111111111111111, sa_flags=SA_RESTART|SA_SIGINFO
SIGQUIT: [libjvm.dylib+0x459121], sa_mask[0]=11111111011111110111111111111111, sa_flags=SA_RESTART|SA_SIGINFO


---------------  S Y S T E M  ---------------

OS:Bsduname:Darwin 14.3.0 Darwin Kernel Version 14.3.0: Mon Mar 16 23:12:31 PDT 2015; root:xnu-2782.20.48~4/RELEASE_X86_64 x86_64
rlimit: STACK 8192k, CORE 0k, NPROC 709, NOFILE 10240, AS infinity
load average:1.59 1.62 1.81

CPU:total 4 (2 cores per cpu, 2 threads per core) family 6 model 69 stepping 1, cmov, cx8, fxsr, mmx, sse, sse2, sse3, ssse3, sse4.1, sse4.2, popcnt, avx, avx2, aes, clmul, erms, lzcnt, ht, tsc, tscinvbit, bmi1, bmi2

Memory: 4k page, physical 8388608k(2169268k free)

/proc/meminfo:


vm_info: Java HotSpot(TM) 64-Bit Server VM (25.25-b02) for bsd-amd64 JRE (1.8.0_25-b17), built on Sep 17 2014 16:56:50 by "java_re" with gcc 4.2.1 (Based on Apple Inc. build 5658) (LLVM build 2336.11.00)

time: Sun Apr 19 04:25:35 2015
elapsed time: 0 seconds (0d 0h 0m 0s)

