#
# A fatal error has been detected by the Java Runtime Environment:
#
#  SIGSEGV (0xb) at pc=0x000000011b5385b9, pid=6811, tid=3331
#
# JRE version: Java(TM) SE Runtime Environment (8.0_25-b17) (build 1.8.0_25-b17)
# Java VM: Java HotSpot(TM) 64-Bit Server VM (25.25-b02 mixed mode bsd-amd64 compressed oops)
# Problematic frame:
# C  [libLeap.dylib+0x165b9]  _ZNK4Leap6Finger9toCStringEv+0x13a9
#
# Failed to write core dump. Core dumps have been disabled. To enable core dumping, try "ulimit -c unlimited" before starting Java again
#
# If you would like to submit a bug report, please visit:
#   http://bugreport.sun.com/bugreport/crash.jsp
# The crash happened outside the Java Virtual Machine in native code.
# See problematic frame for where to report the bug.
#

---------------  T H R E A D  ---------------

Current thread (0x00007fe374008000):  JavaThread "main" [_thread_in_native, id=3331, stack(0x0000000102b76000,0x0000000102c76000)]

siginfo: si_signo: 11 (SIGSEGV), si_code: 1 (SEGV_MAPERR), si_addr: 0x000000000000062c

Registers:
RAX=0x0000000000000002, RBX=0x0000000102c75218, RCX=0x0000000000000000, RDX=0x00007fe373d19210
RSP=0x0000000102c75100, RBP=0x0000000102c75540, RSI=0x0000010000000100, RDI=0x00007fe373d15e20
R8 =0x0000000102c75060, R9 =0x0000000000000000, R10=0x0000000000000001, R11=0x00007fe373d00000
R12=0x0000000000000000, R13=0x00007fe373d181b0, R14=0x000000011b6248d0, R15=0x0000000102c75238
RIP=0x000000011b5385b9, EFLAGS=0x0000000000010202, ERR=0x0000000000000004
  TRAPNO=0x000000000000000e

Top of Stack: (sp=0x0000000102c75100)
0x0000000102c75100:   0000000000000000 0000000000000000
0x0000000102c75110:   0000000000000000 0000000000000000
0x0000000102c75120:   0000000000000000 00007fe373d183b8
0x0000000102c75130:   0000000000000000 000000011b61e110
0x0000000102c75140:   00007fe373d183a0 0000000000000005
0x0000000102c75150:   0000000101b75000 0000000000000000
0x0000000102c75160:   0000000000000003 0000000101b79e00
0x0000000102c75170:   0000000102c75260 00007fff85ca2289
0x0000000102c75180:   0000000000000000 0000000000000000
0x0000000102c75190:   0000000101b78a00 0000000000000000
0x0000000102c751a0:   0000000101b78a00 0000000000000000
0x0000000102c751b0:   0000000000000003 0000000101b79e00
0x0000000102c751c0:   0000000102c752b0 0000000000001400
0x0000000102c751d0:   00007fe373d19070 00007fe373d15e20
0x0000000102c751e0:   0000000000000000 0000000000000000
0x0000000102c751f0:   000000011b624a40 4348000000000000
0x0000000102c75200:   436b3f4100000000 4313c045436b3f41
0x0000000102c75210:   0000000000000001 436b3f41436b3f41
0x0000000102c75220:   00007fff4313c045 4348000000000000
0x0000000102c75230:   0000000100000000 000000011b6248d0
0x0000000102c75240:   0000042d000029c6 4244a275417a0ab0
0x0000000102c75250:   42b2d74cc1c4bcc0 c18d7edbc10e0172
0x0000000102c75260:   408997f1c1895cd3 bf38f4883f120ffa
0x0000000102c75270:   000000003ec7eef6 c1ab9f073eaaaaab
0x0000000102c75280:   c100823d42be4b95 00000000409eb9f5
0x0000000102c75290:   0000000100000000 00007fe373d181b0
0x0000000102c752a0:   0000000000000000 0000000000000000
0x0000000102c752b0:   0000000000000000 0000000000000dfc
0x0000000102c752c0:   00007fe373d16001 00007fe373d180f0
0x0000000102c752d0:   0000000102c75320 000000011b5a8e76
0x0000000102c752e0:   0000000102c75300 0000001b85ca0395
0x0000000102c752f0:   0000001b0000001b 00007fe373d160c0 

Instructions: (pc=0x000000011b5385b9)
0x000000011b538599:   fc ff ff e8 5f 78 00 00 48 8b bd 98 fc ff ff 48
0x000000011b5385a9:   85 ff 74 05 e8 38 13 0a 00 4c 8b a5 a0 fc ff ff
0x000000011b5385b9:   41 83 bc 24 2c 06 00 00 00 0f 84 7f 02 00 00 45
0x000000011b5385c9:   8b 75 68 49 8d bd 20 02 00 00 48 89 bd 08 fc ff 

Register to memory mapping:

RAX=0x0000000000000002 is an unknown value
RBX=0x0000000102c75218 is pointing into the stack for thread: 0x00007fe374008000
RCX=0x0000000000000000 is an unknown value
RDX=0x00007fe373d19210 is an unknown value
RSP=0x0000000102c75100 is pointing into the stack for thread: 0x00007fe374008000
RBP=0x0000000102c75540 is pointing into the stack for thread: 0x00007fe374008000
RSI=0x0000010000000100 is an unknown value
RDI=0x00007fe373d15e20 is an unknown value
R8 =0x0000000102c75060 is pointing into the stack for thread: 0x00007fe374008000
R9 =0x0000000000000000 is an unknown value
R10=0x0000000000000001 is an unknown value
R11=0x00007fe373d00000 is an unknown value
R12=0x0000000000000000 is an unknown value
R13=0x00007fe373d181b0 is an unknown value
R14=0x000000011b6248d0: _ZTIN4Leap9Interface14ImplementationE+0x1420 in /Users/Jeet/Downloads/LeapDeveloperKit_2.2.5+26752_mac/LeapSDK/lib/libLeap.dylib at 0x000000011b522000
R15=0x0000000102c75238 is pointing into the stack for thread: 0x00007fe374008000


Stack: [0x0000000102b76000,0x0000000102c76000],  sp=0x0000000102c75100,  free space=1020k
Native frames: (J=compiled Java code, j=interpreted, Vv=VM code, C=native code)
C  [libLeap.dylib+0x165b9]  _ZNK4Leap6Finger9toCStringEv+0x13a9
C  [libLeap.dylib+0x15914]  _ZNK4Leap6Finger9toCStringEv+0x704
C  [libLeap.dylib+0x1a6d7]  _ZN4Leap5Frame18deserializeCStringEPKcm+0x67
C  [libLeapJava.dylib+0xe82f]  Java_com_leapmotion_leap_LeapJNI_Frame_1deserialize+0x11f
j  com.leapmotion.leap.LeapJNI.Frame_deserialize(JLcom/leapmotion/leap/Frame;[BI)V+0
j  com.leapmotion.leap.Frame.deserialize([B)V+8
j  Sample.main([Ljava/lang/String;)V+15
v  ~StubRoutines::call_stub
V  [libjvm.dylib+0x2d4516]
V  [libjvm.dylib+0x30958b]
V  [libjvm.dylib+0x302785]
C  [java+0x2c82]  JavaMain+0x998
C  [libsystem_pthread.dylib+0x3268]  _pthread_body+0x83
C  [libsystem_pthread.dylib+0x31e5]  _pthread_body+0x0
C  [libsystem_pthread.dylib+0x141d]  thread_start+0xd
C  0x0000000000000000

Java frames: (J=compiled Java code, j=interpreted, Vv=VM code)
j  com.leapmotion.leap.LeapJNI.Frame_deserialize(JLcom/leapmotion/leap/Frame;[BI)V+0
j  com.leapmotion.leap.Frame.deserialize([B)V+8
j  Sample.main([Ljava/lang/String;)V+15
v  ~StubRoutines::call_stub

---------------  P R O C E S S  ---------------

Java Threads: ( => current thread )
  0x00007fe37584a800 JavaThread "Service Thread" daemon [_thread_blocked, id=18179, stack(0x000000011b288000,0x000000011b388000)]
  0x00007fe37483e000 JavaThread "C1 CompilerThread2" daemon [_thread_blocked, id=17667, stack(0x000000011b185000,0x000000011b285000)]
  0x00007fe374017000 JavaThread "C2 CompilerThread1" daemon [_thread_blocked, id=17155, stack(0x000000011b082000,0x000000011b182000)]
  0x00007fe375805000 JavaThread "C2 CompilerThread0" daemon [_thread_blocked, id=16643, stack(0x000000011af7f000,0x000000011b07f000)]
  0x00007fe37483d000 JavaThread "Signal Dispatcher" daemon [_thread_blocked, id=16163, stack(0x000000011ae7c000,0x000000011af7c000)]
  0x00007fe374855000 JavaThread "Finalizer" daemon [_thread_blocked, id=11523, stack(0x000000011946f000,0x000000011956f000)]
  0x00007fe37480a800 JavaThread "Reference Handler" daemon [_thread_blocked, id=11011, stack(0x000000011936c000,0x000000011946c000)]
=>0x00007fe374008000 JavaThread "main" [_thread_in_native, id=3331, stack(0x0000000102b76000,0x0000000102c76000)]

Other Threads:
  0x00007fe374012000 VMThread [stack: 0x0000000119269000,0x0000000119369000] [id=10499]
  0x00007fe37584b000 WatcherThread [stack: 0x000000011b38b000,0x000000011b48b000] [id=18691]

VM state:not at safepoint (normal execution)

VM Mutex/Monitor currently owned by a thread: None

Heap:
 PSYoungGen      total 38400K, used 4002K [0x0000000795580000, 0x0000000798000000, 0x00000007c0000000)
  eden space 33280K, 12% used [0x0000000795580000,0x0000000795968888,0x0000000797600000)
  from space 5120K, 0% used [0x0000000797b00000,0x0000000797b00000,0x0000000798000000)
  to   space 5120K, 0% used [0x0000000797600000,0x0000000797600000,0x0000000797b00000)
 ParOldGen       total 87552K, used 0K [0x0000000740000000, 0x0000000745580000, 0x0000000795580000)
  object space 87552K, 0% used [0x0000000740000000,0x0000000740000000,0x0000000745580000)
 Metaspace       used 4687K, capacity 4764K, committed 4992K, reserved 1056768K
  class space    used 493K, capacity 524K, committed 640K, reserved 1048576K

Card table byte_map: [0x00000001129c0000,0x0000000112dc1000] byte_map_base: 0x000000010efc0000

Marking Bits: (ParMarkBitMap*) 0x00000001024f6390
 Begin Bits: [0x0000000113375000, 0x0000000115375000)
 End Bits:   [0x0000000115375000, 0x0000000117375000)

Polling page: 0x0000000102cba000

CodeCache: size=245760Kb used=1410Kb max_used=1424Kb free=244349Kb
 bounds [0x0000000103600000, 0x0000000103870000, 0x0000000112600000]
 total_blobs=454 nmethods=155 adapters=214
 compilation: enabled

Compilation events (10 events):
Event: 0.252 Thread 0x00007fe37483e000 nmethod 149 0x0000000103759910 code [0x0000000103759b40, 0x000000010375a8a8]
Event: 0.252 Thread 0x00007fe37483e000  150       1       java.util.jar.Manifest::getEntries (5 bytes)
Event: 0.252 Thread 0x00007fe37483e000 nmethod 150 0x000000010375aed0 code [0x000000010375b020, 0x000000010375b130]
Event: 0.252 Thread 0x00007fe37483e000  151       3       java.util.AbstractList::<init> (10 bytes)
Event: 0.252 Thread 0x00007fe37483e000 nmethod 151 0x000000010375b190 code [0x000000010375b300, 0x000000010375b510]
Event: 0.253 Thread 0x00007fe37483e000  152       3       java.nio.charset.CharsetEncoder::maxBytesPerChar (5 bytes)
Event: 0.253 Thread 0x00007fe37483e000 nmethod 152 0x000000010375b610 code [0x000000010375b760, 0x000000010375b8b0]
Event: 0.253 Thread 0x00007fe37483e000  153       1       java.net.URL::getFile (5 bytes)
Event: 0.253 Thread 0x00007fe37483e000 nmethod 153 0x000000010375b910 code [0x000000010375ba60, 0x000000010375bb70]
Event: 0.253 Thread 0x00007fe375805000  154 %     4       sun.security.provider.SHA::implCompress @ 12 (491 bytes)

GC Heap History (0 events):
No events

Deoptimization events (0 events):
No events

Internal exceptions (10 events):
Event: 0.156 Thread 0x00007fe374008000 Exception <a 'java/security/PrivilegedActionException'> (0x00000007957a2988) thrown at [/HUDSON3/workspace/8-2-build-macosx-x86_64/jdk8u25/1514/hotspot/src/share/vm/prims/jvm.cpp, line 1312]
Event: 0.158 Thread 0x00007fe374008000 Exception <a 'java/util/zip/ZipException'> (0x00000007957b4328) thrown at [/HUDSON3/workspace/8-2-build-macosx-x86_64/jdk8u25/1514/hotspot/src/share/vm/prims/jni.cpp, line 716]
Event: 0.158 Thread 0x00007fe374008000 Exception <a 'java/security/PrivilegedActionException'> (0x00000007957b44d8) thrown at [/HUDSON3/workspace/8-2-build-macosx-x86_64/jdk8u25/1514/hotspot/src/share/vm/prims/jvm.cpp, line 1312]
Event: 0.159 Thread 0x00007fe374008000 Exception <a 'java/security/PrivilegedActionException'> (0x00000007957b4690) thrown at [/HUDSON3/workspace/8-2-build-macosx-x86_64/jdk8u25/1514/hotspot/src/share/vm/prims/jvm.cpp, line 1312]
Event: 0.159 Thread 0x00007fe374008000 Exception <a 'java/security/PrivilegedActionException'> (0x00000007957b4a00) thrown at [/HUDSON3/workspace/8-2-build-macosx-x86_64/jdk8u25/1514/hotspot/src/share/vm/prims/jvm.cpp, line 1312]
Event: 0.166 Thread 0x00007fe374008000 Exception <a 'java/security/PrivilegedActionException'> (0x00000007957bdaa0) thrown at [/HUDSON3/workspace/8-2-build-macosx-x86_64/jdk8u25/1514/hotspot/src/share/vm/prims/jvm.cpp, line 1312]
Event: 0.250 Thread 0x00007fe374008000 Exception <a 'java/security/PrivilegedActionException'> (0x00000007958b0b30) thrown at [/HUDSON3/workspace/8-2-build-macosx-x86_64/jdk8u25/1514/hotspot/src/share/vm/prims/jvm.cpp, line 1312]
Event: 0.251 Thread 0x00007fe374008000 Exception <a 'java/security/PrivilegedActionException'> (0x00000007958b42e0) thrown at [/HUDSON3/workspace/8-2-build-macosx-x86_64/jdk8u25/1514/hotspot/src/share/vm/prims/jvm.cpp, line 1312]
Event: 0.252 Thread 0x00007fe374008000 Exception <a 'java/security/PrivilegedActionException'> (0x00000007958bc258) thrown at [/HUDSON3/workspace/8-2-build-macosx-x86_64/jdk8u25/1514/hotspot/src/share/vm/prims/jvm.cpp, line 1312]
Event: 0.253 Thread 0x00007fe374008000 Exception <a 'java/security/PrivilegedActionException'> (0x00000007958c0fd8) thrown at [/HUDSON3/workspace/8-2-build-macosx-x86_64/jdk8u25/1514/hotspot/src/share/vm/prims/jvm.cpp, line 1312]

Events (10 events):
Event: 0.267 loading class java/nio/channels/SelectableChannel
Event: 0.267 loading class java/nio/channels/SelectableChannel done
Event: 0.267 loading class sun/nio/ch/Util
Event: 0.267 loading class sun/nio/ch/Util done
Event: 0.267 loading class sun/nio/ch/Util$1
Event: 0.267 loading class sun/nio/ch/Util$1 done
Event: 0.267 loading class sun/nio/ch/Util$BufferCache
Event: 0.267 loading class sun/nio/ch/Util$BufferCache done
Event: 0.267 loading class java/nio/DirectByteBuffer$Deallocator
Event: 0.267 loading class java/nio/DirectByteBuffer$Deallocator done


Dynamic libraries:
0x0000000003b4b000 	/System/Library/Frameworks/Cocoa.framework/Versions/A/Cocoa
0x0000000003b4b000 	/System/Library/Frameworks/Security.framework/Versions/A/Security
0x0000000003b4b000 	/System/Library/Frameworks/ApplicationServices.framework/Versions/A/ApplicationServices
0x0000000003b4b000 	/usr/lib/libz.1.dylib
0x0000000003b4b000 	/usr/lib/libSystem.B.dylib
0x0000000003b4b000 	/usr/lib/libobjc.A.dylib
0x0000000003b4b000 	/System/Library/Frameworks/CoreFoundation.framework/Versions/A/CoreFoundation
0x0000000003b4b000 	/System/Library/Frameworks/Foundation.framework/Versions/C/Foundation
0x0000000003b4b000 	/System/Library/Frameworks/AppKit.framework/Versions/C/AppKit
0x0000000003b4b000 	/System/Library/Frameworks/CoreData.framework/Versions/A/CoreData
0x0000000003b4b000 	/System/Library/PrivateFrameworks/RemoteViewServices.framework/Versions/A/RemoteViewServices
0x0000000003b4b000 	/System/Library/PrivateFrameworks/UIFoundation.framework/Versions/A/UIFoundation
0x0000000003b4b000 	/System/Library/Frameworks/IOSurface.framework/Versions/A/IOSurface
0x0000000003b4b000 	/System/Library/Frameworks/AudioToolbox.framework/Versions/A/AudioToolbox
0x0000000003b4b000 	/System/Library/Frameworks/AudioUnit.framework/Versions/A/AudioUnit
0x0000000003b4b000 	/System/Library/PrivateFrameworks/DataDetectorsCore.framework/Versions/A/DataDetectorsCore
0x0000000003b4b000 	/System/Library/PrivateFrameworks/DesktopServicesPriv.framework/Versions/A/DesktopServicesPriv
0x0000000003b4b000 	/System/Library/Frameworks/Carbon.framework/Versions/A/Frameworks/HIToolbox.framework/Versions/A/HIToolbox
0x0000000003b4b000 	/System/Library/Frameworks/QuartzCore.framework/Versions/A/QuartzCore
0x0000000003b4b000 	/System/Library/Frameworks/Carbon.framework/Versions/A/Frameworks/SpeechRecognition.framework/Versions/A/SpeechRecognition
0x0000000003b4b000 	/usr/lib/libauto.dylib
0x0000000003b4b000 	/usr/lib/libicucore.A.dylib
0x0000000003b4b000 	/usr/lib/libxml2.2.dylib
0x0000000003b4b000 	/System/Library/PrivateFrameworks/CoreUI.framework/Versions/A/CoreUI
0x0000000003b4b000 	/System/Library/Frameworks/CoreAudio.framework/Versions/A/CoreAudio
0x0000000003b4b000 	/System/Library/Frameworks/DiskArbitration.framework/Versions/A/DiskArbitration
0x0000000003b4b000 	/usr/lib/liblangid.dylib
0x0000000003b4b000 	/System/Library/PrivateFrameworks/MultitouchSupport.framework/Versions/A/MultitouchSupport
0x0000000003b4b000 	/System/Library/Frameworks/IOKit.framework/Versions/A/IOKit
0x0000000003b4b000 	/usr/lib/libDiagnosticMessagesClient.dylib
0x0000000003b4b000 	/System/Library/Frameworks/CoreServices.framework/Versions/A/CoreServices
0x0000000003b4b000 	/System/Library/PrivateFrameworks/PerformanceAnalysis.framework/Versions/A/PerformanceAnalysis
0x0000000003b4b000 	/System/Library/PrivateFrameworks/GenerationalStorage.framework/Versions/A/GenerationalStorage
0x0000000003b4b000 	/System/Library/Frameworks/OpenGL.framework/Versions/A/OpenGL
0x0000000003b4b000 	/System/Library/PrivateFrameworks/Sharing.framework/Versions/A/Sharing
0x0000000003b4b000 	/System/Library/Frameworks/CoreGraphics.framework/Versions/A/CoreGraphics
0x0000000003b4b000 	/System/Library/Frameworks/CoreText.framework/Versions/A/CoreText
0x0000000003b4b000 	/System/Library/Frameworks/ImageIO.framework/Versions/A/ImageIO
0x0000000003b4b000 	/usr/lib/libextension.dylib
0x0000000003b4b000 	/System/Library/PrivateFrameworks/Backup.framework/Versions/A/Backup
0x0000000003b4b000 	/usr/lib/libarchive.2.dylib
0x0000000003b4b000 	/System/Library/Frameworks/CFNetwork.framework/Versions/A/CFNetwork
0x0000000003b4b000 	/System/Library/Frameworks/SystemConfiguration.framework/Versions/A/SystemConfiguration
0x0000000003b4b000 	/usr/lib/libCRFSuite.dylib
0x0000000003b4b000 	/usr/lib/libc++.1.dylib
0x0000000003b4b000 	/usr/lib/libc++abi.dylib
0x0000000003b4b000 	/usr/lib/system/libcache.dylib
0x0000000003b4b000 	/usr/lib/system/libcommonCrypto.dylib
0x0000000003b4b000 	/usr/lib/system/libcompiler_rt.dylib
0x0000000003b4b000 	/usr/lib/system/libcopyfile.dylib
0x0000000003b4b000 	/usr/lib/system/libcorecrypto.dylib
0x0000000003b4b000 	/usr/lib/system/libdispatch.dylib
0x0000000003b4b000 	/usr/lib/system/libdyld.dylib
0x0000000003b4b000 	/usr/lib/system/libkeymgr.dylib
0x0000000003b4b000 	/usr/lib/system/liblaunch.dylib
0x0000000003b4b000 	/usr/lib/system/libmacho.dylib
0x0000000003b4b000 	/usr/lib/system/libquarantine.dylib
0x0000000003b4b000 	/usr/lib/system/libremovefile.dylib
0x0000000003b4b000 	/usr/lib/system/libsystem_asl.dylib
0x0000000003b4b000 	/usr/lib/system/libsystem_blocks.dylib
0x0000000003b4b000 	/usr/lib/system/libsystem_c.dylib
0x0000000003b4b000 	/usr/lib/system/libsystem_configuration.dylib
0x0000000003b4b000 	/usr/lib/system/libsystem_coreservices.dylib
0x0000000003b4b000 	/usr/lib/system/libsystem_coretls.dylib
0x0000000003b4b000 	/usr/lib/system/libsystem_dnssd.dylib
0x0000000003b4b000 	/usr/lib/system/libsystem_info.dylib
0x0000000003b4b000 	/usr/lib/system/libsystem_kernel.dylib
0x0000000003b4b000 	/usr/lib/system/libsystem_m.dylib
0x0000000003b4b000 	/usr/lib/system/libsystem_malloc.dylib
0x0000000003b4b000 	/usr/lib/system/libsystem_network.dylib
0x0000000003b4b000 	/usr/lib/system/libsystem_networkextension.dylib
0x0000000003b4b000 	/usr/lib/system/libsystem_notify.dylib
0x0000000003b4b000 	/usr/lib/system/libsystem_platform.dylib
0x0000000003b4b000 	/usr/lib/system/libsystem_pthread.dylib
0x0000000003b4b000 	/usr/lib/system/libsystem_sandbox.dylib
0x0000000003b4b000 	/usr/lib/system/libsystem_secinit.dylib
0x0000000003b4b000 	/usr/lib/system/libsystem_stats.dylib
0x0000000003b4b000 	/usr/lib/system/libsystem_trace.dylib
0x0000000003b4b000 	/usr/lib/system/libunc.dylib
0x0000000003b4b000 	/usr/lib/system/libunwind.dylib
0x0000000003b4b000 	/usr/lib/system/libxpc.dylib
0x0000000003b4b000 	/usr/lib/libbz2.1.0.dylib
0x0000000003b4b000 	/usr/lib/liblzma.5.dylib
0x0000000003b4b000 	/usr/lib/libbsm.0.dylib
0x0000000003b4b000 	/usr/lib/libsqlite3.dylib
0x0000000003b4b000 	/usr/lib/system/libkxld.dylib
0x0000000003b4b000 	/usr/lib/libxar.1.dylib
0x0000000003b4b000 	/usr/lib/libpam.2.dylib
0x0000000003b4b000 	/usr/lib/libOpenScriptingUtil.dylib
0x0000000003b4b000 	/System/Library/Frameworks/CoreServices.framework/Versions/A/Frameworks/FSEvents.framework/Versions/A/FSEvents
0x0000000003b4b000 	/System/Library/Frameworks/CoreServices.framework/Versions/A/Frameworks/CarbonCore.framework/Versions/A/CarbonCore
0x0000000003b4b000 	/System/Library/Frameworks/CoreServices.framework/Versions/A/Frameworks/Metadata.framework/Versions/A/Metadata
0x0000000003b4b000 	/System/Library/Frameworks/CoreServices.framework/Versions/A/Frameworks/OSServices.framework/Versions/A/OSServices
0x0000000003b4b000 	/System/Library/Frameworks/CoreServices.framework/Versions/A/Frameworks/SearchKit.framework/Versions/A/SearchKit
0x0000000003b4b000 	/System/Library/Frameworks/CoreServices.framework/Versions/A/Frameworks/AE.framework/Versions/A/AE
0x0000000003b4b000 	/System/Library/Frameworks/CoreServices.framework/Versions/A/Frameworks/LaunchServices.framework/Versions/A/LaunchServices
0x0000000003b4b000 	/System/Library/Frameworks/CoreServices.framework/Versions/A/Frameworks/DictionaryServices.framework/Versions/A/DictionaryServices
0x0000000003b4b000 	/System/Library/Frameworks/NetFS.framework/Versions/A/NetFS
0x0000000003b4b000 	/System/Library/PrivateFrameworks/NetAuth.framework/Versions/A/NetAuth
0x0000000003b4b000 	/System/Library/PrivateFrameworks/login.framework/Versions/A/Frameworks/loginsupport.framework/Versions/A/loginsupport
0x0000000003b4b000 	/System/Library/PrivateFrameworks/TCC.framework/Versions/A/TCC
0x0000000003b4b000 	/usr/lib/libmecabra.dylib
0x0000000003b4b000 	/System/Library/Frameworks/ApplicationServices.framework/Versions/A/Frameworks/ATS.framework/Versions/A/ATS
0x0000000003b4b000 	/System/Library/Frameworks/ApplicationServices.framework/Versions/A/Frameworks/ColorSync.framework/Versions/A/ColorSync
0x0000000003b4b000 	/System/Library/Frameworks/ApplicationServices.framework/Versions/A/Frameworks/HIServices.framework/Versions/A/HIServices
0x0000000003b4b000 	/System/Library/Frameworks/ApplicationServices.framework/Versions/A/Frameworks/LangAnalysis.framework/Versions/A/LangAnalysis
0x0000000003b4b000 	/System/Library/Frameworks/ApplicationServices.framework/Versions/A/Frameworks/PrintCore.framework/Versions/A/PrintCore
0x0000000003b4b000 	/System/Library/Frameworks/ApplicationServices.framework/Versions/A/Frameworks/QD.framework/Versions/A/QD
0x0000000003b4b000 	/System/Library/Frameworks/ApplicationServices.framework/Versions/A/Frameworks/SpeechSynthesis.framework/Versions/A/SpeechSynthesis
0x0000000003b4b000 	/System/Library/Frameworks/Accelerate.framework/Versions/A/Accelerate
0x0000000003b4b000 	/System/Library/Frameworks/Accelerate.framework/Versions/A/Frameworks/vImage.framework/Versions/A/vImage
0x0000000003b4b000 	/System/Library/Frameworks/Accelerate.framework/Versions/A/Frameworks/vecLib.framework/Versions/A/vecLib
0x0000000003b4b000 	/System/Library/Frameworks/Accelerate.framework/Versions/A/Frameworks/vecLib.framework/Versions/A/libvDSP.dylib
0x0000000003b4b000 	/System/Library/Frameworks/Accelerate.framework/Versions/A/Frameworks/vecLib.framework/Versions/A/libvMisc.dylib
0x0000000003b4b000 	/System/Library/Frameworks/Accelerate.framework/Versions/A/Frameworks/vecLib.framework/Versions/A/libLAPACK.dylib
0x0000000003b4b000 	/System/Library/Frameworks/Accelerate.framework/Versions/A/Frameworks/vecLib.framework/Versions/A/libBLAS.dylib
0x0000000003b4b000 	/System/Library/Frameworks/Accelerate.framework/Versions/A/Frameworks/vecLib.framework/Versions/A/libLinearAlgebra.dylib
0x0000000003b4b000 	/System/Library/Frameworks/ApplicationServices.framework/Versions/A/Frameworks/ATS.framework/Versions/A/Resources/libFontParser.dylib
0x0000000003b4b000 	/System/Library/Frameworks/ApplicationServices.framework/Versions/A/Frameworks/ATS.framework/Versions/A/Resources/libFontRegistry.dylib
0x0000000003b4b000 	/System/Library/PrivateFrameworks/AppleVPA.framework/Versions/A/AppleVPA
0x0000000003b4b000 	/System/Library/PrivateFrameworks/AppleJPEG.framework/Versions/A/AppleJPEG
0x0000000003b4b000 	/System/Library/Frameworks/ImageIO.framework/Versions/A/Resources/libJPEG.dylib
0x0000000003b4b000 	/System/Library/Frameworks/ImageIO.framework/Versions/A/Resources/libTIFF.dylib
0x0000000003b4b000 	/System/Library/Frameworks/ImageIO.framework/Versions/A/Resources/libPng.dylib
0x0000000003b4b000 	/System/Library/Frameworks/ImageIO.framework/Versions/A/Resources/libGIF.dylib
0x0000000003b4b000 	/System/Library/Frameworks/ImageIO.framework/Versions/A/Resources/libJP2.dylib
0x0000000003b4b000 	/System/Library/Frameworks/ImageIO.framework/Versions/A/Resources/libRadiance.dylib
0x0000000003b4b000 	/System/Library/Frameworks/CoreVideo.framework/Versions/A/CoreVideo
0x0000000003b4b000 	/System/Library/Frameworks/OpenGL.framework/Versions/A/Libraries/libGLU.dylib
0x0000000003b4b000 	/System/Library/Frameworks/OpenGL.framework/Versions/A/Libraries/libGFXShared.dylib
0x0000000003b4b000 	/System/Library/Frameworks/OpenGL.framework/Versions/A/Libraries/libGL.dylib
0x0000000003b4b000 	/System/Library/Frameworks/OpenGL.framework/Versions/A/Libraries/libGLImage.dylib
0x0000000003b4b000 	/System/Library/Frameworks/OpenGL.framework/Versions/A/Libraries/libCVMSPluginSupport.dylib
0x0000000003b4b000 	/System/Library/Frameworks/OpenGL.framework/Versions/A/Libraries/libCoreVMClient.dylib
0x0000000003b4b000 	/usr/lib/libcups.2.dylib
0x0000000003b4b000 	/System/Library/Frameworks/Kerberos.framework/Versions/A/Kerberos
0x0000000003b4b000 	/System/Library/Frameworks/GSS.framework/Versions/A/GSS
0x0000000003b4b000 	/usr/lib/libresolv.9.dylib
0x0000000003b4b000 	/usr/lib/libiconv.2.dylib
0x0000000003b4b000 	/System/Library/PrivateFrameworks/Heimdal.framework/Versions/A/Heimdal
0x0000000003b4b000 	/usr/lib/libheimdal-asn1.dylib
0x0000000003b4b000 	/System/Library/Frameworks/OpenDirectory.framework/Versions/A/OpenDirectory
0x0000000003b4b000 	/System/Library/PrivateFrameworks/CommonAuth.framework/Versions/A/CommonAuth
0x0000000003b4b000 	/System/Library/Frameworks/OpenDirectory.framework/Versions/A/Frameworks/CFOpenDirectory.framework/Versions/A/CFOpenDirectory
0x0000000003b4b000 	/System/Library/Frameworks/SecurityFoundation.framework/Versions/A/SecurityFoundation
0x0000000003b4b000 	/System/Library/PrivateFrameworks/LanguageModeling.framework/Versions/A/LanguageModeling
0x0000000003b4b000 	/usr/lib/libcmph.dylib
0x0000000003b4b000 	/System/Library/Frameworks/ServiceManagement.framework/Versions/A/ServiceManagement
0x0000000003b4b000 	/usr/lib/libxslt.1.dylib
0x0000000003b4b000 	/System/Library/Frameworks/Carbon.framework/Versions/A/Frameworks/Ink.framework/Versions/A/Ink
0x0000000003b4b000 	/System/Library/Frameworks/QuartzCore.framework/Versions/A/Frameworks/CoreImage.framework/Versions/A/CoreImage
0x0000000003b4b000 	/System/Library/PrivateFrameworks/CrashReporterSupport.framework/Versions/A/CrashReporterSupport
0x0000000003b4b000 	/System/Library/Frameworks/OpenCL.framework/Versions/A/OpenCL
0x0000000003b4b000 	/System/Library/PrivateFrameworks/FaceCore.framework/Versions/A/FaceCore
0x0000000003b4b000 	/System/Library/PrivateFrameworks/Ubiquity.framework/Versions/A/Ubiquity
0x0000000003b4b000 	/System/Library/PrivateFrameworks/IconServices.framework/Versions/A/IconServices
0x0000000003b4b000 	/System/Library/PrivateFrameworks/ChunkingLibrary.framework/Versions/A/ChunkingLibrary
0x0000000003b4b000 	/System/Library/PrivateFrameworks/Apple80211.framework/Versions/A/Apple80211
0x0000000003b4b000 	/System/Library/Frameworks/CoreWLAN.framework/Versions/A/CoreWLAN
0x0000000003b4b000 	/System/Library/Frameworks/IOBluetooth.framework/Versions/A/IOBluetooth
0x0000000003b4b000 	/System/Library/PrivateFrameworks/CoreWiFi.framework/Versions/A/CoreWiFi
0x0000000003b4b000 	/System/Library/Frameworks/CoreBluetooth.framework/Versions/A/CoreBluetooth
0x0000000003b4b000 	/System/Library/PrivateFrameworks/DebugSymbols.framework/Versions/A/DebugSymbols
0x0000000003b4b000 	/System/Library/PrivateFrameworks/CoreSymbolication.framework/Versions/A/CoreSymbolication
0x0000000003b4b000 	/System/Library/PrivateFrameworks/Symbolication.framework/Versions/A/Symbolication
0x0000000003b4b000 	/System/Library/PrivateFrameworks/SpeechRecognitionCore.framework/Versions/A/SpeechRecognitionCore
0x0000000101c59000 	/Library/Java/JavaVirtualMachines/jdk1.8.0_25.jdk/Contents/Home/jre/lib/server/libjvm.dylib
0x0000000003b4b000 	/usr/lib/libstdc++.6.dylib
0x0000000102c78000 	/Library/Java/JavaVirtualMachines/jdk1.8.0_25.jdk/Contents/Home/jre/lib/libverify.dylib
0x0000000102c86000 	/Library/Java/JavaVirtualMachines/jdk1.8.0_25.jdk/Contents/Home/jre/lib/libjava.dylib
0x0000000102cdb000 	/Library/Java/JavaVirtualMachines/jdk1.8.0_25.jdk/Contents/Home/jre/lib/libzip.dylib
0x0000000102de8000 	/System/Library/Frameworks/JavaVM.framework/Frameworks/JavaRuntimeSupport.framework/JavaRuntimeSupport
0x0000000119571000 	/System/Library/Frameworks/JavaVM.framework/Versions/A/Frameworks/JavaNativeFoundation.framework/Versions/A/JavaNativeFoundation
0x0000000119586000 	/System/Library/Frameworks/JavaVM.framework/Versions/A/JavaVM
0x0000000003b4b000 	/System/Library/Frameworks/Carbon.framework/Versions/A/Carbon
0x0000000119593000 	/System/Library/PrivateFrameworks/JavaLaunching.framework/Versions/A/JavaLaunching
0x0000000003b4b000 	/System/Library/Frameworks/Carbon.framework/Versions/A/Frameworks/CommonPanels.framework/Versions/A/CommonPanels
0x0000000003b4b000 	/System/Library/Frameworks/Carbon.framework/Versions/A/Frameworks/Help.framework/Versions/A/Help
0x0000000003b4b000 	/System/Library/Frameworks/Carbon.framework/Versions/A/Frameworks/ImageCapture.framework/Versions/A/ImageCapture
0x0000000003b4b000 	/System/Library/Frameworks/Carbon.framework/Versions/A/Frameworks/OpenScripting.framework/Versions/A/OpenScripting
0x0000000003b4b000 	/System/Library/Frameworks/Carbon.framework/Versions/A/Frameworks/Print.framework/Versions/A/Print
0x0000000003b4b000 	/System/Library/Frameworks/Carbon.framework/Versions/A/Frameworks/SecurityHI.framework/Versions/A/SecurityHI
0x000000011b4d2000 	/Users/Jeet/Downloads/LeapDeveloperKit_2.2.5+26752_mac/LeapSDK/lib/libLeapJava.dylib
0x000000011b522000 	/Users/Jeet/Downloads/LeapDeveloperKit_2.2.5+26752_mac/LeapSDK/lib/libLeap.dylib
0x000000011b66d000 	/Library/Java/JavaVirtualMachines/jdk1.8.0_25.jdk/Contents/Home/jre/lib/libnio.dylib
0x000000011b6ba000 	/Library/Java/JavaVirtualMachines/jdk1.8.0_25.jdk/Contents/Home/jre/lib/./libnet.dylib

VM Arguments:
jvm_args: -Djava.library.path=/Users/Jeet/Downloads/LeapDeveloperKit_2.2.5+26752_mac/LeapSDK/lib -Dfile.encoding=UTF-8 
java_command: Sample
java_class_path (initial): /Users/Jeet/Desktop/Rutgers/Classes/Y1S2/Data Structures/Eclipse/SignReader/bin:/Users/Jeet/Downloads/LeapDeveloperKit_2.2.5+26752_mac/LeapSDK/lib/LeapJava.jar
Launcher Type: SUN_STANDARD

Environment Variables:
PATH=/usr/bin:/bin:/usr/sbin:/sbin
SHELL=/bin/bash

Signal Handlers:
SIGSEGV: [libjvm.dylib+0x579dc7], sa_mask[0]=11111111011111110111111111111111, sa_flags=SA_ONSTACK|SA_RESTART|SA_SIGINFO
SIGBUS: [libjvm.dylib+0x579dc7], sa_mask[0]=11111111011111110111111111111111, sa_flags=SA_RESTART|SA_SIGINFO
SIGFPE: [libjvm.dylib+0x45b030], sa_mask[0]=11111111011111110111111111111111, sa_flags=SA_RESTART|SA_SIGINFO
SIGPIPE: [libjvm.dylib+0x45b030], sa_mask[0]=11111111011111110111111111111111, sa_flags=SA_RESTART|SA_SIGINFO
SIGXFSZ: [libjvm.dylib+0x45b030], sa_mask[0]=11111111011111110111111111111111, sa_flags=SA_RESTART|SA_SIGINFO
SIGILL: [libjvm.dylib+0x45b030], sa_mask[0]=11111111011111110111111111111111, sa_flags=SA_RESTART|SA_SIGINFO
SIGUSR1: SIG_DFL, sa_mask[0]=00000000000000000000000000000000, sa_flags=none
SIGUSR2: [libjvm.dylib+0x45ab4e], sa_mask[0]=00100000000000000000000000000000, sa_flags=SA_RESTART|SA_SIGINFO
SIGHUP: [libjvm.dylib+0x459121], sa_mask[0]=11111111011111110111111111111111, sa_flags=SA_RESTART|SA_SIGINFO
SIGINT: [libjvm.dylib+0x459121], sa_mask[0]=11111111011111110111111111111111, sa_flags=SA_RESTART|SA_SIGINFO
SIGTERM: [libjvm.dylib+0x459121], sa_mask[0]=11111111011111110111111111111111, sa_flags=SA_RESTART|SA_SIGINFO
SIGQUIT: [libjvm.dylib+0x459121], sa_mask[0]=11111111011111110111111111111111, sa_flags=SA_RESTART|SA_SIGINFO


---------------  S Y S T E M  ---------------

OS:Bsduname:Darwin 14.3.0 Darwin Kernel Version 14.3.0: Mon Mar 16 23:12:31 PDT 2015; root:xnu-2782.20.48~4/RELEASE_X86_64 x86_64
rlimit: STACK 8192k, CORE 0k, NPROC 709, NOFILE 10240, AS infinity
load average:1.73 1.66 1.87

CPU:total 4 (2 cores per cpu, 2 threads per core) family 6 model 69 stepping 1, cmov, cx8, fxsr, mmx, sse, sse2, sse3, ssse3, sse4.1, sse4.2, popcnt, avx, avx2, aes, clmul, erms, lzcnt, ht, tsc, tscinvbit, bmi1, bmi2

Memory: 4k page, physical 8388608k(2288788k free)

/proc/meminfo:


vm_info: Java HotSpot(TM) 64-Bit Server VM (25.25-b02) for bsd-amd64 JRE (1.8.0_25-b17), built on Sep 17 2014 16:56:50 by "java_re" with gcc 4.2.1 (Based on Apple Inc. build 5658) (LLVM build 2336.11.00)

time: Sun Apr 19 04:23:20 2015
elapsed time: 0 seconds (0d 0h 0m 0s)

